<?xml version="1.0" encoding="UTF-8"?>
<coverage generated="1693157341149" clover="3.2.0">
  <project timestamp="1693157341149" name="All files">
    <metrics statements="10" coveredstatements="9" conditionals="2" coveredconditionals="0" methods="5" coveredmethods="4" elements="17" coveredelements="13" complexity="0" loc="10" ncloc="10" packages="2" files="3" classes="3"/>
    <package name="components">
      <metrics statements="9" coveredstatements="8" conditionals="2" coveredconditionals="0" methods="5" coveredmethods="4"/>
      <file name="Header.js" path="D:\web\react\food villa\src\components\Header.js">
        <metrics statements="8" coveredstatements="7" conditionals="2" coveredconditionals="0" methods="4" coveredmethods="3"/>
        <line num="5" count="1" type="stmt"/>
        <line num="6" count="2" type="stmt"/>
        <line num="16" count="1" type="stmt"/>
        <line num="17" count="2" type="stmt"/>
        <line num="18" count="4" type="stmt"/>
        <line num="19" count="2" type="stmt"/>
        <line num="21" count="2" type="stmt"/>
        <line num="45" count="0" type="cond" truecount="0" falsecount="2"/>
      </file>
      <file name="sum.js" path="D:\web\react\food villa\src\components\sum.js">
        <metrics statements="1" coveredstatements="1" conditionals="0" coveredconditionals="0" methods="1" coveredmethods="1"/>
        <line num="1" count="1" type="stmt"/>
      </file>
    </package>
    <package name="components.utils">
      <metrics statements="1" coveredstatements="1" conditionals="0" coveredconditionals="0" methods="0" coveredmethods="0"/>
      <file name="store.js" path="D:\web\react\food villa\src\components\utils\store.js">
        <metrics statements="1" coveredstatements="1" conditionals="0" coveredconditionals="0" methods="0" coveredmethods="0"/>
        <line num="4" count="1" type="stmt"/>
      </file>
    </package>
  </project>
</coverage>
