{"D:\\web\\react\\food villa\\src\\components\\Header.js": {"path":"D:\\web\\react\\food villa\\src\\components\\Header.js","statementMap":{"0":{"start":{"line":5,"column":14},"end":{"line":14,"column":1}},"1":{"start":{"line":6,"column":2},"end":{"line":13,"column":6}},"2":{"start":{"line":16,"column":15},"end":{"line":55,"column":1}},"3":{"start":{"line":17,"column":29},"end":{"line":17,"column":46}},"4":{"start":{"line":18,"column":20},"end":{"line":18,"column":60}},"5":{"start":{"line":18,"column":43},"end":{"line":18,"column":59}},"6":{"start":{"line":19,"column":2},"end":{"line":19,"column":25}},"7":{"start":{"line":21,"column":2},"end":{"line":54,"column":4}},"8":{"start":{"line":45,"column":14},"end":{"line":45,"column":72}}},"fnMap":{"0":{"name":"(anonymous_0)","decl":{"start":{"line":5,"column":14},"end":{"line":5,"column":15}},"loc":{"start":{"line":6,"column":2},"end":{"line":13,"column":6}},"line":6},"1":{"name":"(anonymous_1)","decl":{"start":{"line":16,"column":15},"end":{"line":16,"column":16}},"loc":{"start":{"line":16,"column":21},"end":{"line":55,"column":1}},"line":16},"2":{"name":"(anonymous_2)","decl":{"start":{"line":18,"column":32},"end":{"line":18,"column":33}},"loc":{"start":{"line":18,"column":43},"end":{"line":18,"column":59}},"line":18},"3":{"name":"(anonymous_3)","decl":{"start":{"line":44,"column":21},"end":{"line":44,"column":22}},"loc":{"start":{"line":44,"column":27},"end":{"line":47,"column":13}},"line":44}},"branchMap":{"0":{"loc":{"start":{"line":45,"column":14},"end":{"line":45,"column":71}},"type":"cond-expr","locations":[{"start":{"line":45,"column":37},"end":{"line":45,"column":53}},{"start":{"line":45,"column":56},"end":{"line":45,"column":71}}],"line":45}},"s":{"0":1,"1":2,"2":1,"3":2,"4":2,"5":4,"6":2,"7":2,"8":0},"f":{"0":2,"1":2,"2":4,"3":0},"b":{"0":[0,0]},"_coverageSchema":"1a1c01bbd47fc00a2c39e90264f33305004495a9","hash":"7cab184f14b40d37558a77c8d45e134abadf5fbf"}
,"D:\\web\\react\\food villa\\src\\components\\sum.js": {"path":"D:\\web\\react\\food villa\\src\\components\\sum.js","statementMap":{"0":{"start":{"line":1,"column":19},"end":{"line":1,"column":34}},"1":{"start":{"line":1,"column":29},"end":{"line":1,"column":34}}},"fnMap":{"0":{"name":"(anonymous_0)","decl":{"start":{"line":1,"column":19},"end":{"line":1,"column":20}},"loc":{"start":{"line":1,"column":29},"end":{"line":1,"column":34}},"line":1}},"branchMap":{},"s":{"0":1,"1":1},"f":{"0":1},"b":{},"_coverageSchema":"1a1c01bbd47fc00a2c39e90264f33305004495a9","hash":"7d110345de1ea9961d55992606d3e87961b9b57f"}
,"D:\\web\\react\\food villa\\src\\components\\utils\\store.js": {"path":"D:\\web\\react\\food villa\\src\\components\\utils\\store.js","statementMap":{"0":{"start":{"line":4,"column":14},"end":{"line":8,"column":2}}},"fnMap":{},"branchMap":{},"s":{"0":1},"f":{},"b":{},"_coverageSchema":"1a1c01bbd47fc00a2c39e90264f33305004495a9","hash":"e4802b4385955a2285f7d096b0f1be9f12fefd17"}
}
