TN:
SF:src\components\Header.js
FN:5,(anonymous_0)
FN:16,(anonymous_1)
FN:18,(anonymous_2)
FN:44,(anonymous_3)
FNF:4
FNH:3
FNDA:2,(anonymous_0)
FNDA:2,(anonymous_1)
FNDA:4,(anonymous_2)
FNDA:0,(anonymous_3)
DA:5,1
DA:6,2
DA:16,1
DA:17,2
DA:18,4
DA:19,2
DA:21,2
DA:45,0
LF:8
LH:7
BRDA:45,0,0,0
BRDA:45,0,1,0
BRF:2
BRH:0
end_of_record
TN:
SF:src\components\sum.js
FN:1,(anonymous_0)
FNF:1
FNH:1
FNDA:1,(anonymous_0)
DA:1,1
LF:1
LH:1
BRF:0
BRH:0
end_of_record
TN:
SF:src\components\utils\store.js
FNF:0
FNH:0
DA:4,1
LF:1
LH:1
BRF:0
BRH:0
end_of_record
